.next/dev/types/validator.ts(51,39): error TS2306: File 'C:/Users/joelm/Downloads/igav/src/app/(all)/boleta/page.tsx' is not a module.
prisma.config.ts(4,30): error TS2307: Cannot find module 'prisma/config' or its corresponding type declarations.
src/application/orchestrators/applyBundle.orchestrator.ts(97,9): error TS2353: Object literal may only specify known properties, and 'variantId' does not exist in type 'AvailabilityInput'.
src/application/orchestrators/applyBundle.orchestrator.ts(121,19): error TS2339: Property 'variantId' does not exist on type 'AvailabilityInput'.
src/application/orchestrators/applyBundle.orchestrator.ts(121,57): error TS2339: Property 'variantId' does not exist on type 'AvailabilityInput'.
src/application/orchestrators/applyBundle.orchestrator.ts(146,19): error TS2339: Property 'variantId' does not exist on type 'AvailabilityInput'.
src/application/orchestrators/applyBundle.orchestrator.ts(146,56): error TS2339: Property 'variantId' does not exist on type 'AvailabilityInput'.
src/application/use-cases/createReservation.usecase.ts(42,22): error TS2339: Property 'sizeId' does not exist on type '{ productId: string; productName: string; stockId: string; quantity: number; variantId: string; priceAtMoment: number; listPrice?: number | undefined; discountAmount?: number | undefined; discountReason?: string | undefined; bundleId?: string | undefined; promotionId?: string | undefined; }'.
src/application/use-cases/createReservation.usecase.ts(43,23): error TS2339: Property 'colorId' does not exist on type '{ productId: string; productName: string; stockId: string; quantity: number; variantId: string; priceAtMoment: number; listPrice?: number | undefined; discountAmount?: number | undefined; discountReason?: string | undefined; bundleId?: string | undefined; promotionId?: string | undefined; }'.
src/components/home/ui/reservation/ReservationModal.tsx(182,5): error TS18004: No value exists in scope for the shorthand property 'priceRent'. Either declare one or provide an initializer.
src/components/home/ui/reservation/ReservationModal.tsx(192,43): error TS2304: Cannot find name 'priceRent'.
src/components/home/ui/widget/StockAssignmentWidget.tsx(232,33): error TS2551: Property 'variantCode' does not exist on type '{ id: string; tenantId: string; productId: string; variantId: string; branchId: string; quantity: number; isForRent: boolean; isForSale: boolean; status: "disponible" | "bajo_pedido" | "discontinuado"; createdAt: Date; updatedAt: Date; }'. Did you mean 'variantId'?
src/components/pos/pos-cart-item.tsx(36,18): error TS2339: Property 'selectedSizeId' does not exist on type 'CartItem'.
src/components/pos/pos-cart-item.tsx(37,19): error TS2551: Property 'selectedColorId' does not exist on type 'CartItem'. Did you mean 'selectedCodes'?
src/components/pos/pos-cart-item.tsx(49,13): error TS2339: Property 'sizeId' does not exist on type '{ id: string; tenantId: string; serialCode: string; variantId: string; productId: string; branchId: string; isForRent: boolean; isForSale: boolean; usageCount: number; condition: "Nuevo" | "Usado" | "Vintage"; ... 4 more ...; damageNotes?: string | undefined; }'.
src/components/pos/pos-cart-item.tsx(50,13): error TS2339: Property 'colorId' does not exist on type '{ id: string; tenantId: string; serialCode: string; variantId: string; productId: string; branchId: string; isForRent: boolean; isForSale: boolean; usageCount: number; condition: "Nuevo" | "Usado" | "Vintage"; ... 4 more ...; damageNotes?: string | undefined; }'.
src/components/pos/pos-cart-item.tsx(59,13): error TS2339: Property 'sizeId' does not exist on type '{ id: string; tenantId: string; productId: string; variantId: string; branchId: string; quantity: number; isForRent: boolean; isForSale: boolean; status: "disponible" | "bajo_pedido" | "discontinuado"; createdAt: Date; updatedAt: Date; }'.
src/components/pos/pos-cart-item.tsx(60,13): error TS2339: Property 'colorId' does not exist on type '{ id: string; tenantId: string; productId: string; variantId: string; branchId: string; quantity: number; isForRent: boolean; isForSale: boolean; status: "disponible" | "bajo_pedido" | "discontinuado"; createdAt: Date; updatedAt: Date; }'.
src/components/pos/pos-cart-item.tsx(122,29): error TS2339: Property 'modelId' does not exist on type '{ id: string; tenantId: string; name: string; image: string; baseSku: string; categoryId: string; description: string; is_serial: boolean; can_rent: boolean; can_sell: boolean; createdAt: Date; ... 6 more ...; updatedBy?: string | undefined; }'.
src/components/pos/pos-cart-item.tsx(125,46): error TS2339: Property 'modelId' does not exist on type '{ id: string; tenantId: string; name: string; image: string; baseSku: string; categoryId: string; description: string; is_serial: boolean; can_rent: boolean; can_sell: boolean; createdAt: Date; ... 6 more ...; updatedBy?: string | undefined; }'.
src/components/pos/pos-cart-item.tsx(126,34): error TS2339: Property 'modelId' does not exist on type '{ id: string; tenantId: string; name: string; image: string; baseSku: string; categoryId: string; description: string; is_serial: boolean; can_rent: boolean; can_sell: boolean; createdAt: Date; ... 6 more ...; updatedBy?: string | undefined; }'.
src/components/pos/pos-cart-item.tsx(203,19): error TS2322: Type '{ productId: string; sizeId: any; colorId: any; quantity: number; operationType: CartOperationType; dateRange: { from: Date; to: Date; }; currentBranchId: string; isSerial: true; isImmediate: true; initialSelections: string[]; onAssignmentChange: (codes: string[]) => void; }' is not assignable to type 'IntrinsicAttributes & StockAssignmentWidgetProps'.
  Property 'sizeId' does not exist on type 'IntrinsicAttributes & StockAssignmentWidgetProps'.
src/components/pos/pos-cart-item.tsx(252,37): error TS2339: Property 'rent_unit' does not exist on type '{ id: string; tenantId: string; name: string; image: string; baseSku: string; categoryId: string; description: string; is_serial: boolean; can_rent: boolean; can_sell: boolean; createdAt: Date; ... 6 more ...; updatedBy?: string | undefined; }'.
src/components/pos/pos-cart-section.tsx(257,40): error TS2339: Property 'rent_unit' does not exist on type '{ id: string; tenantId: string; name: string; image: string; baseSku: string; categoryId: string; description: string; is_serial: boolean; can_rent: boolean; can_sell: boolean; createdAt: Date; ... 6 more ...; updatedBy?: string | undefined; }'.
src/components/pos/pos-cart-section.tsx(278,40): error TS2339: Property 'rent_unit' does not exist on type '{ id: string; tenantId: string; name: string; image: string; baseSku: string; categoryId: string; description: string; is_serial: boolean; can_rent: boolean; can_sell: boolean; createdAt: Date; ... 6 more ...; updatedBy?: string | undefined; }'.
src/components/pos/pos-layout.tsx(63,47): error TS2551: Property 'variantCode' does not exist on type '{ id: string; tenantId: string; productId: string; variantId: string; branchId: string; quantity: number; isForRent: boolean; isForSale: boolean; status: "disponible" | "bajo_pedido" | "discontinuado"; createdAt: Date; updatedAt: Date; }'. Did you mean 'variantId'?
src/components/pos/pos-layout.tsx(82,45): error TS2339: Property 'sizeId' does not exist on type '{ id: string; tenantId: string; serialCode: string; variantId: string; productId: string; branchId: string; isForRent: boolean; isForSale: boolean; usageCount: number; condition: "Nuevo" | "Usado" | "Vintage"; ... 4 more ...; damageNotes?: string | undefined; }'.
src/components/pos/pos-layout.tsx(82,71): error TS2339: Property 'colorId' does not exist on type '{ id: string; tenantId: string; serialCode: string; variantId: string; productId: string; branchId: string; isForRent: boolean; isForSale: boolean; usageCount: number; condition: "Nuevo" | "Usado" | "Vintage"; ... 4 more ...; damageNotes?: string | undefined; }'.
src/components/pos/pos-layout.tsx(93,15): error TS2339: Property 'sizeId' does not exist on type '{ id: string; tenantId: string; serialCode: string; variantId: string; productId: string; branchId: string; isForRent: boolean; isForSale: boolean; usageCount: number; condition: "Nuevo" | "Usado" | "Vintage"; ... 4 more ...; damageNotes?: string | undefined; }'.
src/components/pos/pos-layout.tsx(93,37): error TS2339: Property 'sizeId' does not exist on type '{ id: string; tenantId: string; serialCode: string; variantId: string; productId: string; branchId: string; isForRent: boolean; isForSale: boolean; usageCount: number; condition: "Nuevo" | "Usado" | "Vintage"; ... 4 more ...; damageNotes?: string | undefined; }'.
src/components/pos/pos-layout.tsx(94,15): error TS2339: Property 'colorId' does not exist on type '{ id: string; tenantId: string; serialCode: string; variantId: string; productId: string; branchId: string; isForRent: boolean; isForSale: boolean; usageCount: number; condition: "Nuevo" | "Usado" | "Vintage"; ... 4 more ...; damageNotes?: string | undefined; }'.
src/components/pos/pos-layout.tsx(94,38): error TS2339: Property 'colorId' does not exist on type '{ id: string; tenantId: string; serialCode: string; variantId: string; productId: string; branchId: string; isForRent: boolean; isForSale: boolean; usageCount: number; condition: "Nuevo" | "Usado" | "Vintage"; ... 4 more ...; damageNotes?: string | undefined; }'.
src/components/pos/pos-layout.tsx(107,42): error TS2339: Property 'sizeId' does not exist on type '{ id: string; tenantId: string; productId: string; variantId: string; branchId: string; quantity: number; isForRent: boolean; isForSale: boolean; status: "disponible" | "bajo_pedido" | "discontinuado"; createdAt: Date; updatedAt: Date; }'.
src/components/pos/pos-layout.tsx(107,65): error TS2339: Property 'colorId' does not exist on type '{ id: string; tenantId: string; productId: string; variantId: string; branchId: string; quantity: number; isForRent: boolean; isForSale: boolean; status: "disponible" | "bajo_pedido" | "discontinuado"; createdAt: Date; updatedAt: Date; }'.
src/components/pos/pos-layout.tsx(117,47): error TS2339: Property 'sku' does not exist on type '{ id: string; tenantId: string; name: string; image: string; baseSku: string; categoryId: string; description: string; is_serial: boolean; can_rent: boolean; can_sell: boolean; createdAt: Date; ... 6 more ...; updatedBy?: string | undefined; }'.
src/components/pos/pos-layout.tsx(168,18): error TS2339: Property 'selectedSizeId' does not exist on type 'CartItem'.
src/components/pos/pos-layout.tsx(169,19): error TS2551: Property 'selectedColorId' does not exist on type 'CartItem'. Did you mean 'selectedCodes'?
src/components/pos/pos-layout.tsx(196,9): error TS2345: Argument of type '{ size: any; color: any; } | undefined' is not assignable to parameter of type 'string | undefined'.
  Type '{ size: any; color: any; }' is not assignable to type 'string'.
src/components/rentals/ui/modals/DeliverRentalModal.tsx(74,45): error TS2339: Property 'sizeId' does not exist on type '{ id: string; rentalId: string; operationId: string; productId: string; stockId: string; variantId: string; priceAtMoment: number; quantity: number; conditionOut: string; isDamaged: boolean; discountAmount: number; ... 11 more ...; notes?: string | undefined; }'.
src/components/rentals/ui/modals/DeliverRentalModal.tsx(74,67): error TS2339: Property 'colorId' does not exist on type '{ id: string; rentalId: string; operationId: string; productId: string; stockId: string; variantId: string; priceAtMoment: number; quantity: number; conditionOut: string; isDamaged: boolean; discountAmount: number; ... 11 more ...; notes?: string | undefined; }'.
src/components/rentals/ui/modals/DeliverRentalModal.tsx(79,22): error TS2339: Property 'sizeId' does not exist on type '{ id: string; rentalId: string; operationId: string; productId: string; stockId: string; variantId: string; priceAtMoment: number; quantity: number; conditionOut: string; isDamaged: boolean; discountAmount: number; ... 11 more ...; notes?: string | undefined; }'.
src/components/rentals/ui/modals/DeliverRentalModal.tsx(80,23): error TS2339: Property 'colorId' does not exist on type '{ id: string; rentalId: string; operationId: string; productId: string; stockId: string; variantId: string; priceAtMoment: number; quantity: number; conditionOut: string; isDamaged: boolean; discountAmount: number; ... 11 more ...; notes?: string | undefined; }'.
src/domain/services/bundle.service.ts(143,7): error TS2554: Expected 5 arguments, but got 6.
src/domain/services/bundle.service.ts(162,22): error TS2339: Property 'rent_unit' does not exist on type '{ id: string; tenantId: string; name: string; image: string; baseSku: string; categoryId: string; description: string; is_serial: boolean; can_rent: boolean; can_sell: boolean; createdAt: Date; ... 6 more ...; updatedBy?: string | undefined; }'.
src/domain/services/bundle.service.ts(212,35): error TS2551: Property 'variantCode' does not exist on type '{ id: string; tenantId: string; productId: string; variantId: string; branchId: string; quantity: number; isForRent: boolean; isForSale: boolean; status: "disponible" | "bajo_pedido" | "discontinuado"; createdAt: Date; updatedAt: Date; }'. Did you mean 'variantId'?
src/domain/services/bundle.service.ts(336,26): error TS2339: Property 'selectedSizeId' does not exist on type 'CartItem'.
src/domain/services/bundle.service.ts(337,27): error TS2551: Property 'selectedColorId' does not exist on type 'CartItem'. Did you mean 'selectedCodes'?
src/hooks/useStockAllocation.ts(31,29): error TS2339: Property 'sizeId' does not exist on type '{ id: string; tenantId: string; serialCode: string; variantId: string; productId: string; branchId: string; isForRent: boolean; isForSale: boolean; usageCount: number; condition: "Nuevo" | "Usado" | "Vintage"; ... 4 more ...; damageNotes?: string | undefined; }'.
src/hooks/useStockAllocation.ts(32,30): error TS2339: Property 'colorId' does not exist on type '{ id: string; tenantId: string; serialCode: string; variantId: string; productId: string; branchId: string; isForRent: boolean; isForSale: boolean; usageCount: number; condition: "Nuevo" | "Usado" | "Vintage"; ... 4 more ...; damageNotes?: string | undefined; }'.
src/hooks/useStockAllocation.ts(43,29): error TS2339: Property 'sizeId' does not exist on type '{ id: string; tenantId: string; productId: string; variantId: string; branchId: string; quantity: number; isForRent: boolean; isForSale: boolean; status: "disponible" | "bajo_pedido" | "discontinuado"; createdAt: Date; updatedAt: Date; }'.
src/hooks/useStockAllocation.ts(44,30): error TS2339: Property 'colorId' does not exist on type '{ id: string; tenantId: string; productId: string; variantId: string; branchId: string; quantity: number; isForRent: boolean; isForSale: boolean; status: "disponible" | "bajo_pedido" | "discontinuado"; createdAt: Date; updatedAt: Date; }'.
src/infrastructure/stores-adapters/ZustandInventoryRepository.ts(66,42): error TS2551: Property 'variantCode' does not exist on type '{ id: string; tenantId: string; productId: string; variantId: string; branchId: string; quantity: number; isForRent: boolean; isForSale: boolean; status: "disponible" | "bajo_pedido" | "discontinuado"; createdAt: Date; updatedAt: Date; }'. Did you mean 'variantId'?
src/mocks/mock.color.ts(1,23): error TS2307: Cannot find module '../types/attributes/color/type.color' or its corresponding type declarations.
src/mocks/mock.model.ts(1,23): error TS2307: Cannot find module '../types/attributes/modelo/type.models' or its corresponding type declarations.
src/mocks/mock.reservationItem.ts(9,5): error TS2353: Object literal may only specify known properties, and 'sizeId' does not exist in type '{ id: string; productId: string; reservationId: string; variantId: string; quantity: number; priceAtMoment: number; discountAmount: number; itemStatus: "confirmada" | "cancelada" | "convertida" | "expirada"; ... 6 more ...; notes?: string | undefined; }'.
src/mocks/mock.reservationItem.ts(23,5): error TS2353: Object literal may only specify known properties, and 'sizeId' does not exist in type '{ id: string; productId: string; reservationId: string; variantId: string; quantity: number; priceAtMoment: number; discountAmount: number; itemStatus: "confirmada" | "cancelada" | "convertida" | "expirada"; ... 6 more ...; notes?: string | undefined; }'.
src/mocks/mock.reservationItem.ts(37,5): error TS2353: Object literal may only specify known properties, and 'sizeId' does not exist in type '{ id: string; productId: string; reservationId: string; variantId: string; quantity: number; priceAtMoment: number; discountAmount: number; itemStatus: "confirmada" | "cancelada" | "convertida" | "expirada"; ... 6 more ...; notes?: string | undefined; }'.
src/mocks/mock.sizes.ts(1,22): error TS2307: Cannot find module '../types/attributes/sizes/type.sizes' or its corresponding type declarations.
src/store/useAttributeStore.ts(3,23): error TS2307: Cannot find module '../types/attributes/modelo/type.models' or its corresponding type declarations.
src/store/useAttributeStore.ts(4,23): error TS2307: Cannot find module '../types/attributes/color/type.color' or its corresponding type declarations.
src/store/useAttributeStore.ts(8,22): error TS2307: Cannot find module '../types/attributes/sizes/type.sizes' or its corresponding type declarations.
src/utils/analytics/metrics.ts(157,26): error TS2339: Property 'price_rent' does not exist on type '{ id: string; tenantId: string; name: string; image: string; baseSku: string; categoryId: string; description: string; is_serial: boolean; can_rent: boolean; can_sell: boolean; createdAt: Date; ... 6 more ...; updatedBy?: string | undefined; }'.
src/utils/analytics/metrics.ts(164,26): error TS2339: Property 'price_sell' does not exist on type '{ id: string; tenantId: string; name: string; image: string; baseSku: string; categoryId: string; description: string; is_serial: boolean; can_rent: boolean; can_sell: boolean; createdAt: Date; ... 6 more ...; updatedBy?: string | undefined; }'.
src/utils/analytics/metrics.ts(197,27): error TS2339: Property 'operationId' does not exist on type '{ id: string; saleId: string; productId: string; stockId: string; priceAtMoment: number; quantity: number; discountAmount: number; isReturned: boolean; listPrice?: number | undefined; discountReason?: string | undefined; ... 7 more ...; returnCondition?: "perfecto" | ... 2 more ... | undefined; }'.
src/utils/analytics/metrics.ts(297,27): error TS2339: Property 'price_rent' does not exist on type '{ id: string; tenantId: string; name: string; image: string; baseSku: string; categoryId: string; description: string; is_serial: boolean; can_rent: boolean; can_sell: boolean; createdAt: Date; ... 6 more ...; updatedBy?: string | undefined; }'.
src/utils/analytics/metrics.ts(297,45): error TS2339: Property 'price_sell' does not exist on type '{ id: string; tenantId: string; name: string; image: string; baseSku: string; categoryId: string; description: string; is_serial: boolean; can_rent: boolean; can_sell: boolean; createdAt: Date; ... 6 more ...; updatedBy?: string | undefined; }'.
