.next/dev/types/validator.ts(51,39): error TS2306: File 'C:/Users/joelm/Downloads/igav/src/app/(all)/boleta/page.tsx' is not a module.
prisma.config.ts(4,30): error TS2307: Cannot find module 'prisma/config' or its corresponding type declarations.
src/components/home/ui/reservation/ReservationModal.tsx(182,5): error TS18004: No value exists in scope for the shorthand property 'priceRent'. Either declare one or provide an initializer.
src/components/home/ui/reservation/ReservationModal.tsx(192,43): error TS2304: Cannot find name 'priceRent'.
src/components/pos/pos-cart-item.tsx(121,31): error TS2339: Property 'modelId' does not exist on type '{ id: string; tenantId: string; productId: string; variantCode: string; attributes: Record<string, string>; isActive: boolean; createdAt: Date; updatedAt: Date; priceSell?: number | undefined; priceRent?: number | undefined; rentUnit?: "d├¡a" | ... 1 more ... | undefined; image?: string | undefined; }'.
src/components/pos/pos-cart-item.tsx(124,47): error TS2339: Property 'modelId' does not exist on type '{ id: string; tenantId: string; productId: string; variantCode: string; attributes: Record<string, string>; isActive: boolean; createdAt: Date; updatedAt: Date; priceSell?: number | undefined; priceRent?: number | undefined; rentUnit?: "d├¡a" | ... 1 more ... | undefined; image?: string | undefined; }'.
src/components/pos/pos-cart-item.tsx(125,35): error TS2339: Property 'modelId' does not exist on type '{ id: string; tenantId: string; productId: string; variantCode: string; attributes: Record<string, string>; isActive: boolean; createdAt: Date; updatedAt: Date; priceSell?: number | undefined; priceRent?: number | undefined; rentUnit?: "d├¡a" | ... 1 more ... | undefined; image?: string | undefined; }'.
src/components/pos/pos-layout.tsx(64,42): error TS2551: Property 'variantCode' does not exist on type '{ id: string; tenantId: string; productId: string; variantId: string; branchId: string; quantity: number; isForRent: boolean; isForSale: boolean; status: "disponible" | "bajo_pedido" | "discontinuado"; createdAt: Date; updatedAt: Date; }'. Did you mean 'variantId'?
src/components/rentals/ui/modals/DeliverRentalModal.tsx(74,45): error TS2339: Property 'sizeId' does not exist on type '{ id: string; rentalId: string; operationId: string; productId: string; stockId: string; variantId: string; priceAtMoment: number; quantity: number; conditionOut: string; isDamaged: boolean; discountAmount: number; ... 11 more ...; notes?: string | undefined; }'.
src/components/rentals/ui/modals/DeliverRentalModal.tsx(74,67): error TS2339: Property 'colorId' does not exist on type '{ id: string; rentalId: string; operationId: string; productId: string; stockId: string; variantId: string; priceAtMoment: number; quantity: number; conditionOut: string; isDamaged: boolean; discountAmount: number; ... 11 more ...; notes?: string | undefined; }'.
src/components/rentals/ui/modals/DeliverRentalModal.tsx(79,22): error TS2339: Property 'sizeId' does not exist on type '{ id: string; rentalId: string; operationId: string; productId: string; stockId: string; variantId: string; priceAtMoment: number; quantity: number; conditionOut: string; isDamaged: boolean; discountAmount: number; ... 11 more ...; notes?: string | undefined; }'.
src/components/rentals/ui/modals/DeliverRentalModal.tsx(80,23): error TS2339: Property 'colorId' does not exist on type '{ id: string; rentalId: string; operationId: string; productId: string; stockId: string; variantId: string; priceAtMoment: number; quantity: number; conditionOut: string; isDamaged: boolean; discountAmount: number; ... 11 more ...; notes?: string | undefined; }'.
src/hooks/useStockAllocation.ts(31,29): error TS2339: Property 'sizeId' does not exist on type '{ id: string; tenantId: string; serialCode: string; variantId: string; productId: string; branchId: string; isForRent: boolean; isForSale: boolean; usageCount: number; condition: "Nuevo" | "Usado" | "Vintage"; ... 4 more ...; damageNotes?: string | undefined; }'.
src/hooks/useStockAllocation.ts(32,30): error TS2339: Property 'colorId' does not exist on type '{ id: string; tenantId: string; serialCode: string; variantId: string; productId: string; branchId: string; isForRent: boolean; isForSale: boolean; usageCount: number; condition: "Nuevo" | "Usado" | "Vintage"; ... 4 more ...; damageNotes?: string | undefined; }'.
src/hooks/useStockAllocation.ts(43,29): error TS2339: Property 'sizeId' does not exist on type '{ id: string; tenantId: string; productId: string; variantId: string; branchId: string; quantity: number; isForRent: boolean; isForSale: boolean; status: "disponible" | "bajo_pedido" | "discontinuado"; createdAt: Date; updatedAt: Date; }'.
src/hooks/useStockAllocation.ts(44,30): error TS2339: Property 'colorId' does not exist on type '{ id: string; tenantId: string; productId: string; variantId: string; branchId: string; quantity: number; isForRent: boolean; isForSale: boolean; status: "disponible" | "bajo_pedido" | "discontinuado"; createdAt: Date; updatedAt: Date; }'.
src/infrastructure/stores-adapters/ZustandInventoryRepository.ts(66,42): error TS2551: Property 'variantCode' does not exist on type '{ id: string; tenantId: string; productId: string; variantId: string; branchId: string; quantity: number; isForRent: boolean; isForSale: boolean; status: "disponible" | "bajo_pedido" | "discontinuado"; createdAt: Date; updatedAt: Date; }'. Did you mean 'variantId'?
src/mocks/mock.color.ts(1,23): error TS2307: Cannot find module '../types/attributes/color/type.color' or its corresponding type declarations.
src/mocks/mock.model.ts(1,23): error TS2307: Cannot find module '../types/attributes/modelo/type.models' or its corresponding type declarations.
src/mocks/mock.reservationItem.ts(9,5): error TS2353: Object literal may only specify known properties, and 'sizeId' does not exist in type '{ id: string; productId: string; reservationId: string; variantId: string; quantity: number; priceAtMoment: number; discountAmount: number; itemStatus: "confirmada" | "cancelada" | "convertida" | "expirada"; ... 6 more ...; notes?: string | undefined; }'.
src/mocks/mock.reservationItem.ts(23,5): error TS2353: Object literal may only specify known properties, and 'sizeId' does not exist in type '{ id: string; productId: string; reservationId: string; variantId: string; quantity: number; priceAtMoment: number; discountAmount: number; itemStatus: "confirmada" | "cancelada" | "convertida" | "expirada"; ... 6 more ...; notes?: string | undefined; }'.
src/mocks/mock.reservationItem.ts(37,5): error TS2353: Object literal may only specify known properties, and 'sizeId' does not exist in type '{ id: string; productId: string; reservationId: string; variantId: string; quantity: number; priceAtMoment: number; discountAmount: number; itemStatus: "confirmada" | "cancelada" | "convertida" | "expirada"; ... 6 more ...; notes?: string | undefined; }'.
src/mocks/mock.sizes.ts(1,22): error TS2307: Cannot find module '../types/attributes/sizes/type.sizes' or its corresponding type declarations.
src/store/useAttributeStore.ts(3,23): error TS2307: Cannot find module '../types/attributes/modelo/type.models' or its corresponding type declarations.
src/store/useAttributeStore.ts(4,23): error TS2307: Cannot find module '../types/attributes/color/type.color' or its corresponding type declarations.
src/store/useAttributeStore.ts(8,22): error TS2307: Cannot find module '../types/attributes/sizes/type.sizes' or its corresponding type declarations.
src/utils/analytics/metrics.ts(196,42): error TS2339: Property 'operationId' does not exist on type '{ id: string; saleId: string; productId: string; stockId: string; priceAtMoment: number; quantity: number; discountAmount: number; isReturned: boolean; listPrice?: number | undefined; discountReason?: string | undefined; ... 7 more ...; returnCondition?: "perfecto" | ... 2 more ... | undefined; }'.
